{"E:\\connectsphere-react\\src\\api\\apiClient.js": {"path":"E:\\connectsphere-react\\src\\api\\apiClient.js","statementMap":{"0":{"start":{"line":3,"column":17},"end":{"line":3,"column":40}},"1":{"start":{"line":5,"column":18},"end":{"line":10,"column":2}},"2":{"start":{"line":13,"column":0},"end":{"line":22,"column":2}},"3":{"start":{"line":15,"column":18},"end":{"line":15,"column":53}},"4":{"start":{"line":16,"column":4},"end":{"line":18,"column":5}},"5":{"start":{"line":17,"column":6},"end":{"line":17,"column":58}},"6":{"start":{"line":19,"column":4},"end":{"line":19,"column":18}},"7":{"start":{"line":21,"column":13},"end":{"line":21,"column":34}},"8":{"start":{"line":25,"column":19},"end":{"line":25,"column":24}},"9":{"start":{"line":26,"column":18},"end":{"line":26,"column":20}},"10":{"start":{"line":28,"column":21},"end":{"line":34,"column":1}},"11":{"start":{"line":29,"column":2},"end":{"line":32,"column":5}},"12":{"start":{"line":30,"column":4},"end":{"line":31,"column":29}},"13":{"start":{"line":30,"column":15},"end":{"line":30,"column":34}},"14":{"start":{"line":31,"column":9},"end":{"line":31,"column":29}},"15":{"start":{"line":33,"column":2},"end":{"line":33,"column":19}},"16":{"start":{"line":36,"column":0},"end":{"line":88,"column":2}},"17":{"start":{"line":37,"column":16},"end":{"line":37,"column":24}},"18":{"start":{"line":39,"column":28},"end":{"line":39,"column":40}},"19":{"start":{"line":41,"column":4},"end":{"line":84,"column":5}},"20":{"start":{"line":46,"column":6},"end":{"line":55,"column":7}},"21":{"start":{"line":47,"column":8},"end":{"line":54,"column":47}},"22":{"start":{"line":48,"column":10},"end":{"line":48,"column":48}},"23":{"start":{"line":51,"column":12},"end":{"line":51,"column":73}},"24":{"start":{"line":52,"column":12},"end":{"line":52,"column":46}},"25":{"start":{"line":54,"column":26},"end":{"line":54,"column":45}},"26":{"start":{"line":57,"column":6},"end":{"line":57,"column":36}},"27":{"start":{"line":58,"column":6},"end":{"line":58,"column":26}},"28":{"start":{"line":60,"column":6},"end":{"line":83,"column":7}},"29":{"start":{"line":61,"column":29},"end":{"line":61,"column":65}},"30":{"start":{"line":62,"column":20},"end":{"line":64,"column":9}},"31":{"start":{"line":65,"column":31},"end":{"line":65,"column":56}},"32":{"start":{"line":66,"column":32},"end":{"line":66,"column":58}},"33":{"start":{"line":68,"column":8},"end":{"line":68,"column":60}},"34":{"start":{"line":69,"column":8},"end":{"line":69,"column":62}},"35":{"start":{"line":71,"column":8},"end":{"line":71,"column":81}},"36":{"start":{"line":72,"column":8},"end":{"line":72,"column":78}},"37":{"start":{"line":74,"column":8},"end":{"line":74,"column":43}},"38":{"start":{"line":75,"column":8},"end":{"line":75,"column":42}},"39":{"start":{"line":77,"column":8},"end":{"line":77,"column":41}},"40":{"start":{"line":78,"column":8},"end":{"line":78,"column":29}},"41":{"start":{"line":79,"column":8},"end":{"line":79,"column":40}},"42":{"start":{"line":80,"column":8},"end":{"line":80,"column":44}},"43":{"start":{"line":82,"column":8},"end":{"line":82,"column":29}},"44":{"start":{"line":86,"column":4},"end":{"line":86,"column":33}}},"fnMap":{"0":{"name":"(anonymous_0)","decl":{"start":{"line":14,"column":2},"end":{"line":14,"column":3}},"loc":{"start":{"line":14,"column":14},"end":{"line":20,"column":3}},"line":14},"1":{"name":"(anonymous_1)","decl":{"start":{"line":21,"column":2},"end":{"line":21,"column":3}},"loc":{"start":{"line":21,"column":13},"end":{"line":21,"column":34}},"line":21},"2":{"name":"(anonymous_2)","decl":{"start":{"line":28,"column":21},"end":{"line":28,"column":22}},"loc":{"start":{"line":28,"column":46},"end":{"line":34,"column":1}},"line":28},"3":{"name":"(anonymous_3)","decl":{"start":{"line":29,"column":22},"end":{"line":29,"column":23}},"loc":{"start":{"line":29,"column":32},"end":{"line":32,"column":3}},"line":29},"4":{"name":"(anonymous_4)","decl":{"start":{"line":37,"column":2},"end":{"line":37,"column":3}},"loc":{"start":{"line":37,"column":16},"end":{"line":37,"column":24}},"line":37},"5":{"name":"(anonymous_5)","decl":{"start":{"line":38,"column":2},"end":{"line":38,"column":3}},"loc":{"start":{"line":38,"column":19},"end":{"line":87,"column":3}},"line":38},"6":{"name":"(anonymous_6)","decl":{"start":{"line":47,"column":27},"end":{"line":47,"column":28}},"loc":{"start":{"line":47,"column":48},"end":{"line":49,"column":9}},"line":47},"7":{"name":"(anonymous_7)","decl":{"start":{"line":50,"column":16},"end":{"line":50,"column":17}},"loc":{"start":{"line":50,"column":27},"end":{"line":53,"column":11}},"line":50},"8":{"name":"(anonymous_8)","decl":{"start":{"line":54,"column":17},"end":{"line":54,"column":18}},"loc":{"start":{"line":54,"column":26},"end":{"line":54,"column":45}},"line":54}},"branchMap":{"0":{"loc":{"start":{"line":16,"column":4},"end":{"line":18,"column":5}},"type":"if","locations":[{"start":{"line":16,"column":4},"end":{"line":18,"column":5}},{"start":{},"end":{}}],"line":16},"1":{"loc":{"start":{"line":28,"column":29},"end":{"line":28,"column":41}},"type":"default-arg","locations":[{"start":{"line":28,"column":37},"end":{"line":28,"column":41}}],"line":28},"2":{"loc":{"start":{"line":30,"column":4},"end":{"line":31,"column":29}},"type":"if","locations":[{"start":{"line":30,"column":4},"end":{"line":31,"column":29}},{"start":{"line":31,"column":9},"end":{"line":31,"column":29}}],"line":30},"3":{"loc":{"start":{"line":41,"column":4},"end":{"line":84,"column":5}},"type":"if","locations":[{"start":{"line":41,"column":4},"end":{"line":84,"column":5}},{"start":{},"end":{}}],"line":41},"4":{"loc":{"start":{"line":42,"column":6},"end":{"line":44,"column":42}},"type":"binary-expr","locations":[{"start":{"line":42,"column":6},"end":{"line":42,"column":36}},{"start":{"line":43,"column":6},"end":{"line":43,"column":29}},{"start":{"line":44,"column":6},"end":{"line":44,"column":42}}],"line":42},"5":{"loc":{"start":{"line":46,"column":6},"end":{"line":55,"column":7}},"type":"if","locations":[{"start":{"line":46,"column":6},"end":{"line":55,"column":7}},{"start":{},"end":{}}],"line":46}},"s":{"0":2,"1":2,"2":2,"3":3,"4":3,"5":2,"6":3,"7":1,"8":2,"9":2,"10":2,"11":2,"12":0,"13":0,"14":0,"15":2,"16":2,"17":2,"18":5,"19":5,"20":2,"21":0,"22":0,"23":0,"24":0,"25":0,"26":2,"27":2,"28":2,"29":2,"30":2,"31":1,"32":1,"33":1,"34":1,"35":1,"36":1,"37":1,"38":1,"39":1,"40":1,"41":1,"42":1,"43":2,"44":3},"f":{"0":3,"1":1,"2":2,"3":0,"4":2,"5":5,"6":0,"7":0,"8":0},"b":{"0":[2,1],"1":[0],"2":[0,0],"3":[2,3],"4":[5,3,2],"5":[0,2]},"_coverageSchema":"1a1c01bbd47fc00a2c39e90264f33305004495a9","hash":"6636a4c72c730c63a42dc4b07929466b36b4db70"}
,"E:\\connectsphere-react\\src\\api\\authApi.js": {"path":"E:\\connectsphere-react\\src\\api\\authApi.js","statementMap":{"0":{"start":{"line":3,"column":18},"end":{"line":3,"column":32}},"1":{"start":{"line":6,"column":23},"end":{"line":7,"column":47}},"2":{"start":{"line":7,"column":2},"end":{"line":7,"column":47}},"3":{"start":{"line":11,"column":25},"end":{"line":12,"column":49}},"4":{"start":{"line":12,"column":2},"end":{"line":12,"column":49}},"5":{"start":{"line":16,"column":21},"end":{"line":17,"column":44}},"6":{"start":{"line":17,"column":2},"end":{"line":17,"column":44}},"7":{"start":{"line":21,"column":28},"end":{"line":22,"column":69}},"8":{"start":{"line":22,"column":2},"end":{"line":22,"column":69}},"9":{"start":{"line":25,"column":22},"end":{"line":26,"column":39}},"10":{"start":{"line":26,"column":2},"end":{"line":26,"column":39}},"11":{"start":{"line":29,"column":28},"end":{"line":30,"column":39}},"12":{"start":{"line":30,"column":2},"end":{"line":30,"column":39}},"13":{"start":{"line":33,"column":30},"end":{"line":34,"column":49}},"14":{"start":{"line":34,"column":2},"end":{"line":34,"column":49}},"15":{"start":{"line":37,"column":29},"end":{"line":38,"column":45}},"16":{"start":{"line":38,"column":2},"end":{"line":38,"column":45}},"17":{"start":{"line":42,"column":30},"end":{"line":43,"column":46}},"18":{"start":{"line":43,"column":2},"end":{"line":43,"column":46}},"19":{"start":{"line":47,"column":27},"end":{"line":48,"column":61}},"20":{"start":{"line":48,"column":2},"end":{"line":48,"column":61}},"21":{"start":{"line":51,"column":33},"end":{"line":52,"column":45}},"22":{"start":{"line":52,"column":2},"end":{"line":52,"column":45}},"23":{"start":{"line":55,"column":27},"end":{"line":56,"column":43}},"24":{"start":{"line":56,"column":2},"end":{"line":56,"column":43}},"25":{"start":{"line":58,"column":27},"end":{"line":59,"column":67}},"26":{"start":{"line":59,"column":2},"end":{"line":59,"column":67}},"27":{"start":{"line":61,"column":30},"end":{"line":62,"column":70}},"28":{"start":{"line":62,"column":2},"end":{"line":62,"column":70}},"29":{"start":{"line":64,"column":31},"end":{"line":65,"column":62}},"30":{"start":{"line":65,"column":2},"end":{"line":65,"column":62}}},"fnMap":{"0":{"name":"(anonymous_0)","decl":{"start":{"line":6,"column":23},"end":{"line":6,"column":24}},"loc":{"start":{"line":7,"column":2},"end":{"line":7,"column":47}},"line":7},"1":{"name":"(anonymous_1)","decl":{"start":{"line":11,"column":25},"end":{"line":11,"column":26}},"loc":{"start":{"line":12,"column":2},"end":{"line":12,"column":49}},"line":12},"2":{"name":"(anonymous_2)","decl":{"start":{"line":16,"column":21},"end":{"line":16,"column":22}},"loc":{"start":{"line":17,"column":2},"end":{"line":17,"column":44}},"line":17},"3":{"name":"(anonymous_3)","decl":{"start":{"line":21,"column":28},"end":{"line":21,"column":29}},"loc":{"start":{"line":22,"column":2},"end":{"line":22,"column":69}},"line":22},"4":{"name":"(anonymous_4)","decl":{"start":{"line":25,"column":22},"end":{"line":25,"column":23}},"loc":{"start":{"line":26,"column":2},"end":{"line":26,"column":39}},"line":26},"5":{"name":"(anonymous_5)","decl":{"start":{"line":29,"column":28},"end":{"line":29,"column":29}},"loc":{"start":{"line":30,"column":2},"end":{"line":30,"column":39}},"line":30},"6":{"name":"(anonymous_6)","decl":{"start":{"line":33,"column":30},"end":{"line":33,"column":31}},"loc":{"start":{"line":34,"column":2},"end":{"line":34,"column":49}},"line":34},"7":{"name":"(anonymous_7)","decl":{"start":{"line":37,"column":29},"end":{"line":37,"column":30}},"loc":{"start":{"line":38,"column":2},"end":{"line":38,"column":45}},"line":38},"8":{"name":"(anonymous_8)","decl":{"start":{"line":42,"column":30},"end":{"line":42,"column":31}},"loc":{"start":{"line":43,"column":2},"end":{"line":43,"column":46}},"line":43},"9":{"name":"(anonymous_9)","decl":{"start":{"line":47,"column":27},"end":{"line":47,"column":28}},"loc":{"start":{"line":48,"column":2},"end":{"line":48,"column":61}},"line":48},"10":{"name":"(anonymous_10)","decl":{"start":{"line":51,"column":33},"end":{"line":51,"column":34}},"loc":{"start":{"line":52,"column":2},"end":{"line":52,"column":45}},"line":52},"11":{"name":"(anonymous_11)","decl":{"start":{"line":55,"column":27},"end":{"line":55,"column":28}},"loc":{"start":{"line":56,"column":2},"end":{"line":56,"column":43}},"line":56},"12":{"name":"(anonymous_12)","decl":{"start":{"line":58,"column":27},"end":{"line":58,"column":28}},"loc":{"start":{"line":59,"column":2},"end":{"line":59,"column":67}},"line":59},"13":{"name":"(anonymous_13)","decl":{"start":{"line":61,"column":30},"end":{"line":61,"column":31}},"loc":{"start":{"line":62,"column":2},"end":{"line":62,"column":70}},"line":62},"14":{"name":"(anonymous_14)","decl":{"start":{"line":64,"column":31},"end":{"line":64,"column":32}},"loc":{"start":{"line":65,"column":2},"end":{"line":65,"column":62}},"line":65}},"branchMap":{},"s":{"0":2,"1":2,"2":1,"3":2,"4":1,"5":2,"6":1,"7":2,"8":1,"9":2,"10":1,"11":2,"12":1,"13":2,"14":1,"15":2,"16":1,"17":2,"18":1,"19":2,"20":1,"21":2,"22":1,"23":2,"24":1,"25":2,"26":1,"27":2,"28":1,"29":2,"30":1},"f":{"0":1,"1":1,"2":1,"3":1,"4":1,"5":1,"6":1,"7":1,"8":1,"9":1,"10":1,"11":1,"12":1,"13":1,"14":1},"b":{},"_coverageSchema":"1a1c01bbd47fc00a2c39e90264f33305004495a9","hash":"f7d987ec26322dcee2bca2661f023546e879b86f"}
,"E:\\connectsphere-react\\src\\components\\common\\Avatar.jsx": {"path":"E:\\connectsphere-react\\src\\components\\common\\Avatar.jsx","statementMap":{"0":{"start":{"line":3,"column":15},"end":{"line":6,"column":1}},"1":{"start":{"line":8,"column":17},"end":{"line":14,"column":1}},"2":{"start":{"line":9,"column":13},"end":{"line":9,"column":14}},"3":{"start":{"line":10,"column":2},"end":{"line":12,"column":3}},"4":{"start":{"line":10,"column":15},"end":{"line":10,"column":16}},"5":{"start":{"line":11,"column":4},"end":{"line":11,"column":52}},"6":{"start":{"line":13,"column":2},"end":{"line":13,"column":48}},"7":{"start":{"line":16,"column":15},"end":{"line":44,"column":1}},"8":{"start":{"line":17,"column":20},"end":{"line":17,"column":54}},"9":{"start":{"line":18,"column":20},"end":{"line":18,"column":38}},"10":{"start":{"line":19,"column":20},"end":{"line":19,"column":25}},"11":{"start":{"line":21,"column":2},"end":{"line":43,"column":4}},"12":{"start":{"line":35,"column":28},"end":{"line":35,"column":60}}},"fnMap":{"0":{"name":"(anonymous_0)","decl":{"start":{"line":8,"column":17},"end":{"line":8,"column":18}},"loc":{"start":{"line":8,"column":31},"end":{"line":14,"column":1}},"line":8},"1":{"name":"(anonymous_1)","decl":{"start":{"line":16,"column":15},"end":{"line":16,"column":16}},"loc":{"start":{"line":16,"column":79},"end":{"line":44,"column":1}},"line":16},"2":{"name":"(anonymous_2)","decl":{"start":{"line":35,"column":19},"end":{"line":35,"column":20}},"loc":{"start":{"line":35,"column":26},"end":{"line":35,"column":62}},"line":35}},"branchMap":{"0":{"loc":{"start":{"line":8,"column":18},"end":{"line":8,"column":26}},"type":"default-arg","locations":[{"start":{"line":8,"column":24},"end":{"line":8,"column":26}}],"line":8},"1":{"loc":{"start":{"line":16,"column":23},"end":{"line":16,"column":36}},"type":"default-arg","locations":[{"start":{"line":16,"column":34},"end":{"line":16,"column":36}}],"line":16},"2":{"loc":{"start":{"line":16,"column":38},"end":{"line":16,"column":47}},"type":"default-arg","locations":[{"start":{"line":16,"column":45},"end":{"line":16,"column":47}}],"line":16},"3":{"loc":{"start":{"line":16,"column":58},"end":{"line":16,"column":72}},"type":"default-arg","locations":[{"start":{"line":16,"column":70},"end":{"line":16,"column":72}}],"line":16},"4":{"loc":{"start":{"line":17,"column":21},"end":{"line":17,"column":39}},"type":"binary-expr","locations":[{"start":{"line":17,"column":21},"end":{"line":17,"column":32}},{"start":{"line":17,"column":36},"end":{"line":17,"column":39}}],"line":17},"5":{"loc":{"start":{"line":23,"column":40},"end":{"line":23,"column":74}},"type":"cond-expr","locations":[{"start":{"line":23,"column":50},"end":{"line":23,"column":69}},{"start":{"line":23,"column":72},"end":{"line":23,"column":74}}],"line":23},"6":{"loc":{"start":{"line":24,"column":54},"end":{"line":24,"column":88}},"type":"cond-expr","locations":[{"start":{"line":24,"column":65},"end":{"line":24,"column":78}},{"start":{"line":24,"column":81},"end":{"line":24,"column":88}}],"line":24},"7":{"loc":{"start":{"line":26,"column":12},"end":{"line":26,"column":42}},"type":"cond-expr","locations":[{"start":{"line":26,"column":22},"end":{"line":26,"column":30}},{"start":{"line":26,"column":33},"end":{"line":26,"column":42}}],"line":26},"8":{"loc":{"start":{"line":27,"column":16},"end":{"line":27,"column":39}},"type":"cond-expr","locations":[{"start":{"line":27,"column":26},"end":{"line":27,"column":27}},{"start":{"line":27,"column":30},"end":{"line":27,"column":39}}],"line":27},"9":{"loc":{"start":{"line":30,"column":7},"end":{"line":41,"column":7}},"type":"cond-expr","locations":[{"start":{"line":31,"column":8},"end":{"line":36,"column":10}},{"start":{"line":38,"column":8},"end":{"line":40,"column":15}}],"line":30}},"s":{"0":1,"1":1,"2":1,"3":1,"4":1,"5":0,"6":1,"7":1,"8":1,"9":1,"10":1,"11":1,"12":0},"f":{"0":1,"1":1,"2":0},"b":{"0":[0],"1":[1],"2":[1],"3":[1],"4":[1,1],"5":[0,1],"6":[0,1],"7":[0,1],"8":[0,1],"9":[0,1]},"_coverageSchema":"1a1c01bbd47fc00a2c39e90264f33305004495a9","hash":"068c5c3fd875253f10856e0432950ad6ab641a5b"}
,"E:\\connectsphere-react\\src\\components\\common\\EmptyState.jsx": {"path":"E:\\connectsphere-react\\src\\components\\common\\EmptyState.jsx","statementMap":{"0":{"start":{"line":4,"column":2},"end":{"line":13,"column":4}}},"fnMap":{"0":{"name":"EmptyState","decl":{"start":{"line":3,"column":24},"end":{"line":3,"column":34}},"loc":{"start":{"line":3,"column":77},"end":{"line":14,"column":1}},"line":3}},"branchMap":{"0":{"loc":{"start":{"line":3,"column":37},"end":{"line":3,"column":48}},"type":"default-arg","locations":[{"start":{"line":3,"column":44},"end":{"line":3,"column":48}}],"line":3},"1":{"loc":{"start":{"line":8,"column":7},"end":{"line":10,"column":7}},"type":"binary-expr","locations":[{"start":{"line":8,"column":7},"end":{"line":8,"column":15}},{"start":{"line":9,"column":8},"end":{"line":9,"column":59}}],"line":8}},"s":{"0":1},"f":{"0":1},"b":{"0":[1],"1":[1,0]},"_coverageSchema":"1a1c01bbd47fc00a2c39e90264f33305004495a9","hash":"8d1615d780d1df1e527076e2188b2b78fe30e93a"}
,"E:\\connectsphere-react\\src\\components\\common\\ErrorMessage.jsx": {"path":"E:\\connectsphere-react\\src\\components\\common\\ErrorMessage.jsx","statementMap":{"0":{"start":{"line":4,"column":2},"end":{"line":8,"column":4}}},"fnMap":{"0":{"name":"ErrorMessage","decl":{"start":{"line":3,"column":24},"end":{"line":3,"column":36}},"loc":{"start":{"line":3,"column":76},"end":{"line":9,"column":1}},"line":3}},"branchMap":{"0":{"loc":{"start":{"line":3,"column":39},"end":{"line":3,"column":72}},"type":"default-arg","locations":[{"start":{"line":3,"column":49},"end":{"line":3,"column":72}}],"line":3}},"s":{"0":1},"f":{"0":1},"b":{"0":[0]},"_coverageSchema":"1a1c01bbd47fc00a2c39e90264f33305004495a9","hash":"1b8cc07e0f52b328c4fed46b46d1c2cd2c905cd9"}
,"E:\\connectsphere-react\\src\\components\\common\\Spinner.jsx": {"path":"E:\\connectsphere-react\\src\\components\\common\\Spinner.jsx","statementMap":{"0":{"start":{"line":3,"column":16},"end":{"line":17,"column":1}},"1":{"start":{"line":4,"column":2},"end":{"line":16,"column":4}}},"fnMap":{"0":{"name":"(anonymous_0)","decl":{"start":{"line":3,"column":16},"end":{"line":3,"column":17}},"loc":{"start":{"line":4,"column":2},"end":{"line":16,"column":4}},"line":4}},"branchMap":{"0":{"loc":{"start":{"line":3,"column":19},"end":{"line":3,"column":28}},"type":"default-arg","locations":[{"start":{"line":3,"column":26},"end":{"line":3,"column":28}}],"line":3},"1":{"loc":{"start":{"line":9,"column":19},"end":{"line":11,"column":35}},"type":"cond-expr","locations":[{"start":{"line":10,"column":10},"end":{"line":10,"column":22}},{"start":{"line":11,"column":10},"end":{"line":11,"column":35}}],"line":9},"2":{"loc":{"start":{"line":12,"column":22},"end":{"line":12,"column":50}},"type":"binary-expr","locations":[{"start":{"line":12,"column":22},"end":{"line":12,"column":27}},{"start":{"line":12,"column":31},"end":{"line":12,"column":50}}],"line":12}},"s":{"0":1,"1":1},"f":{"0":1},"b":{"0":[1],"1":[0,1],"2":[1,1]},"_coverageSchema":"1a1c01bbd47fc00a2c39e90264f33305004495a9","hash":"bdbcce4ca8fffa5f97c551226091cac07b6731ef"}
,"E:\\connectsphere-react\\src\\context\\AuthContext.jsx": {"path":"E:\\connectsphere-react\\src\\context\\AuthContext.jsx","statementMap":{"0":{"start":{"line":4,"column":27},"end":{"line":4,"column":46}},"1":{"start":{"line":6,"column":28},"end":{"line":66,"column":1}},"2":{"start":{"line":7,"column":32},"end":{"line":7,"column":46}},"3":{"start":{"line":8,"column":32},"end":{"line":8,"column":46}},"4":{"start":{"line":10,"column":2},"end":{"line":17,"column":9}},"5":{"start":{"line":11,"column":18},"end":{"line":11,"column":53}},"6":{"start":{"line":12,"column":4},"end":{"line":16,"column":5}},"7":{"start":{"line":13,"column":6},"end":{"line":13,"column":21}},"8":{"start":{"line":15,"column":6},"end":{"line":15,"column":24}},"9":{"start":{"line":19,"column":23},"end":{"line":30,"column":3}},"10":{"start":{"line":20,"column":4},"end":{"line":29,"column":5}},"11":{"start":{"line":21,"column":18},"end":{"line":21,"column":38}},"12":{"start":{"line":22,"column":6},"end":{"line":22,"column":29}},"13":{"start":{"line":24,"column":6},"end":{"line":24,"column":45}},"14":{"start":{"line":25,"column":6},"end":{"line":25,"column":46}},"15":{"start":{"line":26,"column":6},"end":{"line":26,"column":20}},"16":{"start":{"line":28,"column":6},"end":{"line":28,"column":24}},"17":{"start":{"line":33,"column":20},"end":{"line":45,"column":8}},"18":{"start":{"line":34,"column":4},"end":{"line":34,"column":67}},"19":{"start":{"line":35,"column":4},"end":{"line":37,"column":5}},"20":{"start":{"line":36,"column":6},"end":{"line":36,"column":70}},"21":{"start":{"line":38,"column":4},"end":{"line":43,"column":7}},"22":{"start":{"line":44,"column":4},"end":{"line":44,"column":22}},"23":{"start":{"line":47,"column":21},"end":{"line":51,"column":8}},"24":{"start":{"line":48,"column":4},"end":{"line":48,"column":43}},"25":{"start":{"line":49,"column":4},"end":{"line":49,"column":44}},"26":{"start":{"line":50,"column":4},"end":{"line":50,"column":18}},"27":{"start":{"line":53,"column":22},"end":{"line":55,"column":8}},"28":{"start":{"line":54,"column":4},"end":{"line":54,"column":25}},"29":{"start":{"line":57,"column":26},"end":{"line":57,"column":32}},"30":{"start":{"line":59,"column":2},"end":{"line":65,"column":4}}},"fnMap":{"0":{"name":"(anonymous_0)","decl":{"start":{"line":6,"column":28},"end":{"line":6,"column":29}},"loc":{"start":{"line":6,"column":46},"end":{"line":66,"column":1}},"line":6},"1":{"name":"(anonymous_1)","decl":{"start":{"line":10,"column":12},"end":{"line":10,"column":13}},"loc":{"start":{"line":10,"column":18},"end":{"line":17,"column":3}},"line":10},"2":{"name":"(anonymous_2)","decl":{"start":{"line":19,"column":23},"end":{"line":19,"column":24}},"loc":{"start":{"line":19,"column":35},"end":{"line":30,"column":3}},"line":19},"3":{"name":"(anonymous_3)","decl":{"start":{"line":33,"column":32},"end":{"line":33,"column":33}},"loc":{"start":{"line":33,"column":50},"end":{"line":45,"column":3}},"line":33},"4":{"name":"(anonymous_4)","decl":{"start":{"line":47,"column":33},"end":{"line":47,"column":34}},"loc":{"start":{"line":47,"column":39},"end":{"line":51,"column":3}},"line":47},"5":{"name":"(anonymous_5)","decl":{"start":{"line":53,"column":34},"end":{"line":53,"column":35}},"loc":{"start":{"line":53,"column":46},"end":{"line":55,"column":3}},"line":53}},"branchMap":{"0":{"loc":{"start":{"line":12,"column":4},"end":{"line":16,"column":5}},"type":"if","locations":[{"start":{"line":12,"column":4},"end":{"line":16,"column":5}},{"start":{"line":14,"column":11},"end":{"line":16,"column":5}}],"line":12},"1":{"loc":{"start":{"line":35,"column":4},"end":{"line":37,"column":5}},"type":"if","locations":[{"start":{"line":35,"column":4},"end":{"line":37,"column":5}},{"start":{},"end":{}}],"line":35}},"s":{"0":2,"1":2,"2":18,"3":18,"4":18,"5":7,"6":7,"7":2,"8":5,"9":18,"10":3,"11":3,"12":2,"13":1,"14":1,"15":1,"16":3,"17":18,"18":2,"19":2,"20":2,"21":2,"22":2,"23":18,"24":1,"25":1,"26":1,"27":18,"28":1,"29":18,"30":18},"f":{"0":18,"1":7,"2":3,"3":2,"4":1,"5":1},"b":{"0":[2,5],"1":[2,0]},"_coverageSchema":"1a1c01bbd47fc00a2c39e90264f33305004495a9","hash":"ba3b017d727f25b59d2c1d8fa9b57d43b35a2533"}
}
