TN:
SF:src\api\apiClient.js
FN:14,(anonymous_0)
FN:21,(anonymous_1)
FN:28,(anonymous_2)
FN:29,(anonymous_3)
FN:37,(anonymous_4)
FN:38,(anonymous_5)
FN:47,(anonymous_6)
FN:50,(anonymous_7)
FN:54,(anonymous_8)
FNF:9
FNH:5
FNDA:3,(anonymous_0)
FNDA:1,(anonymous_1)
FNDA:2,(anonymous_2)
FNDA:0,(anonymous_3)
FNDA:2,(anonymous_4)
FNDA:5,(anonymous_5)
FNDA:0,(anonymous_6)
FNDA:0,(anonymous_7)
FNDA:0,(anonymous_8)
DA:3,2
DA:5,2
DA:13,2
DA:15,3
DA:16,3
DA:17,2
DA:19,3
DA:21,1
DA:25,2
DA:26,2
DA:28,2
DA:29,2
DA:30,0
DA:31,0
DA:33,2
DA:36,2
DA:37,2
DA:39,5
DA:41,5
DA:46,2
DA:47,0
DA:48,0
DA:51,0
DA:52,0
DA:54,0
DA:57,2
DA:58,2
DA:60,2
DA:61,2
DA:62,2
DA:65,1
DA:66,1
DA:68,1
DA:69,1
DA:71,1
DA:72,1
DA:74,1
DA:75,1
DA:77,1
DA:78,1
DA:79,1
DA:80,1
DA:82,2
DA:86,3
LF:44
LH:37
BRDA:16,0,0,2
BRDA:16,0,1,1
BRDA:28,1,0,0
BRDA:30,2,0,0
BRDA:30,2,1,0
BRDA:41,3,0,2
BRDA:41,3,1,3
BRDA:42,4,0,5
BRDA:42,4,1,3
BRDA:42,4,2,2
BRDA:46,5,0,0
BRDA:46,5,1,2
BRF:12
BRH:8
end_of_record
TN:
SF:src\api\authApi.js
FN:6,(anonymous_0)
FN:11,(anonymous_1)
FN:16,(anonymous_2)
FN:21,(anonymous_3)
FN:25,(anonymous_4)
FN:29,(anonymous_5)
FN:33,(anonymous_6)
FN:37,(anonymous_7)
FN:42,(anonymous_8)
FN:47,(anonymous_9)
FN:51,(anonymous_10)
FN:55,(anonymous_11)
FN:58,(anonymous_12)
FN:61,(anonymous_13)
FN:64,(anonymous_14)
FNF:15
FNH:15
FNDA:1,(anonymous_0)
FNDA:1,(anonymous_1)
FNDA:1,(anonymous_2)
FNDA:1,(anonymous_3)
FNDA:1,(anonymous_4)
FNDA:1,(anonymous_5)
FNDA:1,(anonymous_6)
FNDA:1,(anonymous_7)
FNDA:1,(anonymous_8)
FNDA:1,(anonymous_9)
FNDA:1,(anonymous_10)
FNDA:1,(anonymous_11)
FNDA:1,(anonymous_12)
FNDA:1,(anonymous_13)
FNDA:1,(anonymous_14)
DA:3,2
DA:6,2
DA:7,1
DA:11,2
DA:12,1
DA:16,2
DA:17,1
DA:21,2
DA:22,1
DA:25,2
DA:26,1
DA:29,2
DA:30,1
DA:33,2
DA:34,1
DA:37,2
DA:38,1
DA:42,2
DA:43,1
DA:47,2
DA:48,1
DA:51,2
DA:52,1
DA:55,2
DA:56,1
DA:58,2
DA:59,1
DA:61,2
DA:62,1
DA:64,2
DA:65,1
LF:31
LH:31
BRF:0
BRH:0
end_of_record
TN:
SF:src\components\common\Avatar.jsx
FN:8,(anonymous_0)
FN:16,(anonymous_1)
FN:35,(anonymous_2)
FNF:3
FNH:2
FNDA:1,(anonymous_0)
FNDA:1,(anonymous_1)
FNDA:0,(anonymous_2)
DA:3,1
DA:8,1
DA:9,1
DA:10,1
DA:11,0
DA:13,1
DA:16,1
DA:17,1
DA:18,1
DA:19,1
DA:21,1
DA:35,0
LF:12
LH:10
BRDA:8,0,0,0
BRDA:16,1,0,1
BRDA:16,2,0,1
BRDA:16,3,0,1
BRDA:17,4,0,1
BRDA:17,4,1,1
BRDA:23,5,0,0
BRDA:23,5,1,1
BRDA:24,6,0,0
BRDA:24,6,1,1
BRDA:26,7,0,0
BRDA:26,7,1,1
BRDA:27,8,0,0
BRDA:27,8,1,1
BRDA:30,9,0,0
BRDA:30,9,1,1
BRF:16
BRH:10
end_of_record
TN:
SF:src\components\common\EmptyState.jsx
FN:3,EmptyState
FNF:1
FNH:1
FNDA:1,EmptyState
DA:4,1
LF:1
LH:1
BRDA:3,0,0,1
BRDA:8,1,0,1
BRDA:8,1,1,0
BRF:3
BRH:2
end_of_record
TN:
SF:src\components\common\ErrorMessage.jsx
FN:3,ErrorMessage
FNF:1
FNH:1
FNDA:1,ErrorMessage
DA:4,1
LF:1
LH:1
BRDA:3,0,0,0
BRF:1
BRH:0
end_of_record
TN:
SF:src\components\common\Spinner.jsx
FN:3,(anonymous_0)
FNF:1
FNH:1
FNDA:1,(anonymous_0)
DA:3,1
DA:4,1
LF:2
LH:2
BRDA:3,0,0,1
BRDA:9,1,0,0
BRDA:9,1,1,1
BRDA:12,2,0,1
BRDA:12,2,1,1
BRF:5
BRH:4
end_of_record
TN:
SF:src\context\AuthContext.jsx
FN:6,(anonymous_0)
FN:10,(anonymous_1)
FN:19,(anonymous_2)
FN:33,(anonymous_3)
FN:47,(anonymous_4)
FN:53,(anonymous_5)
FNF:6
FNH:6
FNDA:18,(anonymous_0)
FNDA:7,(anonymous_1)
FNDA:3,(anonymous_2)
FNDA:2,(anonymous_3)
FNDA:1,(anonymous_4)
FNDA:1,(anonymous_5)
DA:4,2
DA:6,2
DA:7,18
DA:8,18
DA:10,18
DA:11,7
DA:12,7
DA:13,2
DA:15,5
DA:19,18
DA:20,3
DA:21,3
DA:22,2
DA:24,1
DA:25,1
DA:26,1
DA:28,3
DA:33,18
DA:34,2
DA:35,2
DA:36,2
DA:38,2
DA:44,2
DA:47,18
DA:48,1
DA:49,1
DA:50,1
DA:53,18
DA:54,1
DA:57,18
DA:59,18
LF:31
LH:31
BRDA:12,0,0,2
BRDA:12,0,1,5
BRDA:35,1,0,2
BRDA:35,1,1,0
BRF:4
BRH:3
end_of_record
